<?xml version="1.0" encoding="UTF-8"?>
<!-- Generated by org.testng.reporters.JUnitReportReporter -->
<testsuite hostname="FARHAN" failures="0" tests="1" name="com.execution.SmokeTestingWithTestNG" time="4.242" errors="0" timestamp="2021-02-16T04:16:20 EST" skipped="0">
  <testcase classname="com.execution.SmokeTestingWithTestNG" name="getTest" time="4.242"/>
  <system-out/>
</testsuite> <!-- com.execution.SmokeTestingWithTestNG -->
